#
# There is insufficient memory for the Java Runtime Environment to continue.
# Native memory allocation (mmap) failed to map 134217728 bytes for Failed to commit area from 0x0000000081c00000 to 0x0000000089c00000 of length 134217728.
# Possible reasons:
#   The system is out of physical RAM or swap space
#   The process is running with CompressedOops enabled, and the Java Heap may be blocking the growth of the native heap
# Possible solutions:
#   Reduce memory load on the system
#   Increase physical memory or swap space
#   Check if swap backing store is full
#   Decrease Java heap size (-Xmx/-Xms)
#   Decrease number of Java threads
#   Decrease Java thread stack sizes (-Xss)
#   Set larger code cache with -XX:ReservedCodeCacheSize=
# This output file may be truncated or incomplete.
#
#  Out of Memory Error (t:/workspace/hotspot/src/os/windows/vm/os_windows.cpp:3357), pid=25100, tid=30912
#
# JRE version:  (9.0+11) (build )
# Java VM: Java HotSpot(TM) 64-Bit Server VM (9.0.1+11, mixed mode, tiered, compressed oops, g1 gc, windows-amd64)
# No core dump will be written. Minidumps are not enabled by default on client versions of Windows
#

---------------  S U M M A R Y ------------

Command Line: -Dfile.encoding=Cp1252 GUI.Administrator

Host: Intel(R) Core(TM) i7-7700HQ CPU @ 2.80GHz, 8 cores, 7G,  Windows 10 , 64 bit Build 16299 (10.0.16299.15)
Time: Tue Jan 09 01:00:17 2018 GTB Standard Time elapsed time: 0 seconds (0d 0h 0m 0s)

---------------  T H R E A D  ---------------

Current thread (0x000001c1323bf800):  JavaThread "Unknown thread" [_thread_in_vm, id=30912, stack(0x0000002b93d00000,0x0000002b93e00000)]

Stack: [0x0000002b93d00000,0x0000002b93e00000]
Native frames: (J=compiled Java code, j=interpreted, Vv=VM code, C=native code)
V  [jvm.dll+0x5870b8]
V  [jvm.dll+0x69c0ee]
V  [jvm.dll+0x69d00a]
V  [jvm.dll+0x69d643]
V  [jvm.dll+0x21d148]
V  [jvm.dll+0x584bf4]
V  [jvm.dll+0x57a005]
V  [jvm.dll+0x2cd46b]
V  [jvm.dll+0x2cd3d3]
V  [jvm.dll+0x2cd2a2]
V  [jvm.dll+0x2cf2a3]
V  [jvm.dll+0x319203]
V  [jvm.dll+0x319916]
V  [jvm.dll+0x319303]
V  [jvm.dll+0x2adbf8]
V  [jvm.dll+0x2aee37]
V  [jvm.dll+0x67b1ed]
V  [jvm.dll+0x67c5ac]
V  [jvm.dll+0x3269c9]
V  [jvm.dll+0x6653ee]
V  [jvm.dll+0x391931]
V  [jvm.dll+0x3938e1]
C  [javaw.exe+0x3501]
C  [javaw.exe+0xe25f]
C  [javaw.exe+0xe406]
C  [KERNEL32.DLL+0x11fe4]
C  [ntdll.dll+0x6efb1]


---------------  P R O C E S S  ---------------

Java Threads: ( => current thread )

Other Threads:
  0x000001c1323d7000 GCTaskThread "GC Thread#0" [stack: 0x0000002b93e00000,0x0000002b93f00000] [id=16204]
  0x000001c1323d8800 GCTaskThread "GC Thread#1" [stack: 0x0000002b93f00000,0x0000002b94000000] [id=30412]
  0x000001c1323db800 GCTaskThread "GC Thread#2" [stack: 0x0000002b94000000,0x0000002b94100000] [id=31620]
  0x000001c1323e0000 GCTaskThread "GC Thread#3" [stack: 0x0000002b94100000,0x0000002b94200000] [id=3088]
  0x000001c1323df000 GCTaskThread "GC Thread#4" [stack: 0x0000002b94200000,0x0000002b94300000] [id=29752]
  0x000001c1323e0800 GCTaskThread "GC Thread#5" [stack: 0x0000002b94300000,0x0000002b94400000] [id=9032]
  0x000001c1323e4000 GCTaskThread "GC Thread#6" [stack: 0x0000002b94400000,0x0000002b94500000] [id=11580]
  0x000001c1323e1800 GCTaskThread "GC Thread#7" [stack: 0x0000002b94500000,0x0000002b94600000] [id=29820]
  0x000001c14f1f4000 ConcurrentGCThread "G1 Main Marker" [stack: 0x0000002b94f00000,0x0000002b95000000] [id=18476]
  0x000001c1323e2000 ConcurrentGCThread "G1 Marker#0" [stack: 0x0000002b95000000,0x0000002b95100000] [id=30004]
  0x000001c1323de000 ConcurrentGCThread "G1 Marker#1" [stack: 0x0000002b95100000,0x0000002b95200000] [id=28856]
  0x000001c132407800 ConcurrentGCThread "G1 Refine#0" [stack: 0x0000002b94d00000,0x0000002b94e00000] [id=2860]
  0x000001c132407000 ConcurrentGCThread "G1 Refine#1" [stack: 0x0000002b94c00000,0x0000002b94d00000] [id=22424]
  0x000001c132406800 ConcurrentGCThread "G1 Refine#2" [stack: 0x0000002b94b00000,0x0000002b94c00000] [id=19060]
  0x000001c132401800 ConcurrentGCThread "G1 Refine#3" [stack: 0x0000002b94a00000,0x0000002b94b00000] [id=30076]
  0x000001c132400000 ConcurrentGCThread "G1 Refine#4" [stack: 0x0000002b94900000,0x0000002b94a00000] [id=20980]
  0x000001c1323fd800 ConcurrentGCThread "G1 Refine#5" [stack: 0x0000002b94800000,0x0000002b94900000] [id=29492]
  0x000001c1323fd000 ConcurrentGCThread "G1 Refine#6" [stack: 0x0000002b94700000,0x0000002b94800000] [id=22388]
  0x000001c1323fc000 ConcurrentGCThread "G1 Refine#7" [stack: 0x0000002b94600000,0x0000002b94700000] [id=30416]
  0x000001c132421800 ConcurrentGCThread "G1 Young RemSet Sampling" [stack: 0x0000002b94e00000,0x0000002b94f00000] [id=30316]

=>0x000001c1323bf800 (exited) JavaThread "Unknown thread" [_thread_in_vm, id=30912, stack(0x0000002b93d00000,0x0000002b93e00000)]

Threads with active compile tasks:

VM state:not at safepoint (not fully initialized)

VM Mutex/Monitor currently owned by a thread:  ([mutex/lock_event])
[0x000001c1323bd800] Heap_lock - owner thread: 0x000001c1323bf800

Heap address: 0x0000000081c00000, size: 2020 MB, Compressed Oops mode: Non-zero based: 0x0000000081c00000
Narrow klass base: 0x0000000000000000, Narrow klass shift: 0

GC Heap History (0 events):
No events

Deoptimization events (0 events):
No events

Classes redefined (0 events):
No events

Internal exceptions (0 events):
No events

Events (0 events):
No events


Dynamic libraries:
0x00007ff723c60000 - 0x00007ff723c9e000 	C:\Program Files\Java\jre-9.0.1\bin\javaw.exe
0x00007ffdf9580000 - 0x00007ffdf9760000 	C:\WINDOWS\SYSTEM32\ntdll.dll
0x00007ffdf9460000 - 0x00007ffdf950e000 	C:\WINDOWS\System32\KERNEL32.DLL
0x00007ffdf6790000 - 0x00007ffdf69f6000 	C:\WINDOWS\System32\KERNELBASE.dll
0x00007ffdf9230000 - 0x00007ffdf92d1000 	C:\WINDOWS\System32\ADVAPI32.dll
0x00007ffdf8bc0000 - 0x00007ffdf8c5d000 	C:\WINDOWS\System32\msvcrt.dll
0x00007ffdf87e0000 - 0x00007ffdf883b000 	C:\WINDOWS\System32\sechost.dll
0x00007ffdf8c90000 - 0x00007ffdf8daf000 	C:\WINDOWS\System32\RPCRT4.dll
0x00007ffdf6fc0000 - 0x00007ffdf714f000 	C:\WINDOWS\System32\USER32.dll
0x00007ffdf5b20000 - 0x00007ffdf5b40000 	C:\WINDOWS\System32\win32u.dll
0x00007ffdf9520000 - 0x00007ffdf9548000 	C:\WINDOWS\System32\GDI32.dll
0x00007ffdf5980000 - 0x00007ffdf5b13000 	C:\WINDOWS\System32\gdi32full.dll
0x00007ffdf6640000 - 0x00007ffdf66db000 	C:\WINDOWS\System32\msvcp_win.dll
0x00007ffdf6290000 - 0x00007ffdf6386000 	C:\WINDOWS\System32\ucrtbase.dll
0x00007ffdf08b0000 - 0x00007ffdf08ba000 	C:\WINDOWS\SYSTEM32\VERSION.dll
0x00007ffde5780000 - 0x00007ffde59e9000 	C:\WINDOWS\WinSxS\amd64_microsoft.windows.common-controls_6595b64144ccf1df_6.0.16299.192_none_15c8cdae9364c23b\COMCTL32.dll
0x00007ffdf6c50000 - 0x00007ffdf6f58000 	C:\WINDOWS\System32\combase.dll
0x00007ffdf6390000 - 0x00007ffdf6402000 	C:\WINDOWS\System32\bcryptPrimitives.dll
0x00007ffdf8c60000 - 0x00007ffdf8c8d000 	C:\WINDOWS\System32\IMM32.DLL
0x00007ffdc3f50000 - 0x00007ffdc403f000 	C:\Program Files\Java\jre-9.0.1\bin\msvcr120.dll
0x00007ffdd20d0000 - 0x00007ffdd2176000 	C:\Program Files\Java\jre-9.0.1\bin\msvcp120.dll
0x000000005c950000 - 0x000000005d374000 	C:\Program Files\Java\jre-9.0.1\bin\server\jvm.dll
0x00007ffdf9510000 - 0x00007ffdf9518000 	C:\WINDOWS\System32\PSAPI.DLL
0x00007ffdeaff0000 - 0x00007ffdeaff9000 	C:\WINDOWS\SYSTEM32\WSOCK32.dll
0x00007ffdf17c0000 - 0x00007ffdf17e3000 	C:\WINDOWS\SYSTEM32\WINMM.dll
0x00007ffdf7330000 - 0x00007ffdf739c000 	C:\WINDOWS\System32\WS2_32.dll
0x00007ffdf1790000 - 0x00007ffdf17ba000 	C:\WINDOWS\SYSTEM32\winmmbase.dll
0x00007ffdf6a00000 - 0x00007ffdf6a4a000 	C:\WINDOWS\System32\cfgmgr32.dll
0x00007ffdec160000 - 0x00007ffdec16f000 	C:\Program Files\Java\jre-9.0.1\bin\verify.dll
0x00007ffdd2750000 - 0x00007ffdd2777000 	C:\Program Files\Java\jre-9.0.1\bin\java.dll
0x00007ffdec0e0000 - 0x00007ffdec0f6000 	C:\Program Files\Java\jre-9.0.1\bin\zip.dll
0x00007ffdebfe0000 - 0x00007ffdebfea000 	C:\Program Files\Java\jre-9.0.1\bin\jimage.dll
0x00007ffdee120000 - 0x00007ffdee2e8000 	C:\WINDOWS\SYSTEM32\dbghelp.dll

VM Arguments:
jvm_args: -Dfile.encoding=Cp1252 
java_command: GUI.Administrator
java_class_path (initial): E:\workspace - eclipse\poo2 - tema 2\bin;C:\Program Files\SQLite\sqlite-jdbc-3.21.0.jar
Launcher Type: SUN_STANDARD

Logging:
Log output configuration:
#0: stdout all=warning uptime,level,tags
#1: stderr all=off uptime,level,tags

Environment Variables:
PATH=C:\ProgramData\Oracle\Java\javapath;C:\WINDOWS\system32;C:\WINDOWS;C:\WINDOWS\System32\Wbem;C:\WINDOWS\System32\WindowsPowerShell\v1.0\;C:\Program Files\Intel\WiFi\bin\;C:\Program Files\Common Files\Intel\WirelessCommon\;C:\Program Files (x86)\NVIDIA Corporation\PhysX\Common;C:\Program Files\dotnet\;C:\Program Files\Microsoft SQL Server\130\Tools\Binn\;C:\Program Files\SQLite;C:\Program Files\Microsoft SQL Server\Client SDK\ODBC\130\Tools\Binn\;C:\Program Files (x86)\Microsoft SQL Server\140\Tools\Binn\;C:\Program Files\Microsoft SQL Server\140\Tools\Binn\;C:\Program Files\Microsoft SQL Server\140\DTS\Binn\;C:\Program Files (x86)\Microsoft SQL Server\Client SDK\ODBC\130\Tools\Binn\;C:\Program Files (x86)\Microsoft SQL Server\140\DTS\Binn\;C:\Program Files (x86)\Microsoft SQL Server\140\Tools\Binn\ManagementStudio\;C:\Users\Luci Brezaiu\AppData\Local\Microsoft\WindowsApps;C:\Program Files\Intel\WiFi\bin\;C:\Program Files\Common Files\Intel\WirelessCommon\
USERNAME=Luci Brezaiu
OS=Windows_NT
PROCESSOR_IDENTIFIER=Intel64 Family 6 Model 158 Stepping 9, GenuineIntel



---------------  S Y S T E M  ---------------

OS: Windows 10 , 64 bit Build 16299 (10.0.16299.15)

CPU:total 8 (initial active 8) (4 cores per cpu, 2 threads per core) family 6 model 158 stepping 9, cmov, cx8, fxsr, mmx, sse, sse2, sse3, ssse3, sse4.1, sse4.2, popcnt, avx, avx2, aes, clmul, erms, 3dnowpref, lzcnt, ht, tsc, tscinvbit, bmi1, bmi2, adx, fma

Memory: 4k page, physical 8266820k(1398792k free), swap 33432644k(23896k free)

vm_info: Java HotSpot(TM) 64-Bit Server VM (9.0.1+11) for windows-amd64 JRE (9.0.1+11), built on Sep 28 2017 04:54:03 by "mach5one" with MS VC++ 12.0 (VS2013)

END.
